<?xml version="1.0" encoding="UTF-8"?>
<!-- Generated by org.testng.reporters.JUnitReportReporter -->
<testsuite hostname="MacBook-Air.local" name="steps.LoginTestDataProvider" tests="1" failures="0" timestamp="20 Jun 2016 11:06:50 GMT" time="6.745" errors="0">
  <testcase name="login" time="6.745" classname="steps.LoginTestDataProvider"/>
</testsuite> <!-- steps.LoginTestDataProvider -->
