<?xml version="1.0" encoding="UTF-8"?>
<!-- Generated by org.testng.reporters.JUnitReportReporter -->
<testsuite hostname="MacBook-Air.local" name="steps.SearchForMovie" tests="6" failures="0" timestamp="20 Jun 2016 20:28:55 GMT" time="45.269" errors="0">
  <testcase name="findActor" time="3.835" classname="steps.SearchForMovie"/>
  <testcase name="scrollingDownToFindActorList" time="1.626" classname="steps.SearchForMovie"/>
  <testcase name="searchForMovie" time="10.061" classname="steps.SearchForMovie"/>
  <testcase name="findMovieByImg" time="19.380" classname="steps.SearchForMovie"/>
  <testcase name="login" time="5.699" classname="steps.SearchForMovie"/>
  <testcase name="verifyActorName" time="4.668" classname="steps.SearchForMovie"/>
</testsuite> <!-- steps.SearchForMovie -->
