<?xml version="1.0" encoding="UTF-8"?>
<!-- Generated by org.testng.reporters.JUnitReportReporter -->
<testsuite hostname="MacBook-Air.local" name="steps.ActorListScrolling" tests="1" failures="0" timestamp="19 Jun 2016 21:38:07 GMT" time="1.032" errors="0">
  <testcase name="scrolling" time="1.032" classname="steps.ActorListScrolling"/>
</testsuite> <!-- steps.ActorListScrolling -->
