<?xml version="1.0" encoding="UTF-8"?>
<!-- Generated by org.testng.reporters.JUnitReportReporter -->
<testsuite hostname="Iuriis-MacBook-Pro.local" name="generalTests.MyHitTests" tests="2" failures="0" timestamp="3 Jul 2016 21:00:53 GMT" time="42.572" errors="0">
  <testcase name="login" time="26.537" classname="generalTests.MyHitTests"/>
  <testcase name="login" time="16.035" classname="generalTests.MyHitTests"/>
</testsuite> <!-- generalTests.MyHitTests -->
